2021-10-30 17:15:06 - mAadhaar:96a5d458-626b-4e08-af79-55436e158ac4: Authenticating
2021-10-31 03:38:37 - mAadhaar:cbd88800-e38f-45b4-b7bf-01fa615e33fb: Requesting for Ekyc
2021-10-31 03:38:50 - mAadhaar:cbd88800-e38f-45b4-b7bf-01fa615e33fb: Offline Ekyc Request Success
2021-10-31 03:50:25 - mAadhaar:6e0878e6-5e89-45ad-8cba-e8929ece1aba: Authenticating for Status Checking
2021-10-31 03:50:33 - mAadhaar:6e0878e6-5e89-45ad-8cba-e8929ece1aba: Authentication for Status Checking Success
2021-10-31 03:54:23 - mAadhaar:5d102d85-5eb6-405d-be1b-7ebbbf37d726: Authenticating for Status Checking
2021-10-31 03:54:32 - mAadhaar:5d102d85-5eb6-405d-be1b-7ebbbf37d726: Authentication for Status Checking Success
2021-10-31 03:55:17 - mAadhaar:08eea4ec-ef52-4984-931c-17d73cdc2f24: Authenticating for Status Checking
2021-10-31 03:55:27 - mAadhaar:08eea4ec-ef52-4984-931c-17d73cdc2f24: Authentication for Status Checking Success
2021-10-31 03:59:17 - mAadhaar:749da125-6be4-4e54-aaaa-5dbcd04a07b2: Authenticating for Status Checking
2021-10-31 03:59:43 - mAadhaar:749da125-6be4-4e54-aaaa-5dbcd04a07b2: Authentication for Status Checking Success
2021-10-31 04:12:14 - mAadhaar:6231cfd3-ecc9-4dca-ae55-7f967b27ee1b: Requesting for Ekyc
2021-10-31 04:15:18 - mAadhaar:50e36545-8cf7-4846-aafc-0ba5e82b4af2: Requesting for Ekyc
2021-10-31 04:15:33 - mAadhaar:50e36545-8cf7-4846-aafc-0ba5e82b4af2: Offline Ekyc Request Success
2021-10-31 04:15:34 - mAadhaar:50e36545-8cf7-4846-aafc-0ba5e82b4af2: Offline Ekyc Request Failed
2021-10-31 04:15:43 - mAadhaar:50e36545-8cf7-4846-aafc-0ba5e82b4af2: Offline Ekyc Request Failed
2021-10-31 04:15:49 - mAadhaar:50e36545-8cf7-4846-aafc-0ba5e82b4af2: Offline Ekyc Request Failed
2021-10-31 04:43:31 - mAadhaar:21e60902-bf43-4ea9-8ce6-e24e8a0a16f7: Authenticating
2021-10-31 04:43:45 - mAadhaar:21e60902-bf43-4ea9-8ce6-e24e8a0a16f7: Authentication Success
2021-10-31 04:53:30 - mAadhaar:17051291-f7c4-4cc0-8012-5c2ef7b841a0: Requesting for Ekyc
2021-10-31 04:53:56 - mAadhaar:17051291-f7c4-4cc0-8012-5c2ef7b841a0: Offline Ekyc Request Success
2021-10-31 05:16:28 - mAadhaar:6120c8a5-576b-4c53-8ae2-db5c77d72437: Authenticating
2021-10-31 05:16:40 - mAadhaar:6120c8a5-576b-4c53-8ae2-db5c77d72437: Authentication Success
2021-10-31 05:18:03 - mAadhaar:7879467a-ada4-437d-b298-a5d16de64cee: Authenticating
2021-10-31 05:18:22 - mAadhaar:7879467a-ada4-437d-b298-a5d16de64cee: Authentication Success
2021-10-31 05:59:43 - mAadhaar:112eb656-a9ce-437e-9061-e254247531ba: Authenticating 
2021-10-31 05:59:56 - mAadhaar:112eb656-a9ce-437e-9061-e254247531ba: Authentication Success 
2021-10-31 08:47:43 - mAadhaar:87b55985-13a0-431e-b4c2-0af816b1f83a: Authenticating 
2021-10-31 08:47:57 - mAadhaar:87b55985-13a0-431e-b4c2-0af816b1f83a: Authentication Success 
2021-10-31 08:50:10 - mAadhaar:b7116f8a-984b-44b8-9f6a-9bffbf51e151: Authenticating 
2021-10-31 08:50:43 - mAadhaar:b7116f8a-984b-44b8-9f6a-9bffbf51e151: Authentication Success 
2021-10-31 08:51:55 - mAadhaar:7168ff29-27e0-408f-95f6-45717bddf849: Authenticating 
2021-10-31 08:52:08 - mAadhaar:7168ff29-27e0-408f-95f6-45717bddf849: Authentication Success 
2021-10-31 08:52:34 - mAadhaar:8e4295d1-928e-4f5d-9509-e93256428aac: Requesting for Ekyc 
2021-10-31 08:52:48 - mAadhaar:8e4295d1-928e-4f5d-9509-e93256428aac: Offline Ekyc Request Success 
2021-10-31 08:59:05 - mAadhaar:151746dd-b082-4dac-8c2c-e8a50c46e348: Authenticating for Status Checking 
2021-10-31 08:59:20 - mAadhaar:151746dd-b082-4dac-8c2c-e8a50c46e348: Authentication for Status Checking Success 
2021-10-31 09:04:33 - mAadhaar:3c068c75-e529-4c9e-9ea1-7fa930677f4e: Authenticating 
2021-10-31 09:04:46 - mAadhaar:3c068c75-e529-4c9e-9ea1-7fa930677f4e: Authentication Success 
2021-10-31 09:06:04 - mAadhaar:a7bcfad4-42bc-4761-9a4a-ebab01c790b4: Authenticating 
2021-10-31 09:06:16 - mAadhaar:a7bcfad4-42bc-4761-9a4a-ebab01c790b4: Authentication Success 
2021-10-31 09:06:44 - mAadhaar:2483ca24-feb9-450c-9cc7-a3ad1c5844ab: Requesting for Ekyc 
2021-10-31 09:06:58 - mAadhaar:2483ca24-feb9-450c-9cc7-a3ad1c5844ab: Offline Ekyc Request Success 
2021-10-31 09:07:27 - mAadhaar:b2036bd2-3f7c-4afd-a40a-3a2f8f91085c: Authenticating for Status Checking 
2021-10-31 09:07:37 - mAadhaar:b2036bd2-3f7c-4afd-a40a-3a2f8f91085c: Authentication for Status Checking Success 
2021-10-31 09:10:21 - mAadhaar:a271fd32-62a2-41a3-b409-bebdd41d1527: Authenticating for Status Checking 
2021-10-31 09:10:44 - mAadhaar:a271fd32-62a2-41a3-b409-bebdd41d1527: Authentication for Status Checking Success 
